<?xml version="1.0" encoding="UTF-8"?>
<testng-results skipped="0" failed="0" ignored="0" total="3" passed="3">
  <reporter-output>
  </reporter-output>
  <suite name="Default suite" duration-ms="61032" started-at="2018-10-23T05:13:00Z" finished-at="2018-10-23T05:14:01Z">
    <groups>
    </groups>
    <test name="Default test" duration-ms="61032" started-at="2018-10-23T05:13:00Z" finished-at="2018-10-23T05:14:01Z">
      <class name="Test2">
        <test-method status="PASS" signature="beforesuite()[pri:0, instance:Test2@12fc6eb]" name="beforesuite" is-config="true" duration-ms="382" started-at="2018-10-23T05:13:00Z" finished-at="2018-10-23T05:13:00Z">
          <reporter-output>
          </reporter-output>
        </test-method> <!-- beforesuite -->
        <test-method status="PASS" signature="TestAssessment_Config()[pri:0, instance:Test2@12fc6eb]" name="TestAssessment_Config" is-config="true" duration-ms="29898" started-at="2018-10-23T05:13:00Z" finished-at="2018-10-23T05:13:30Z">
          <reporter-output>
          </reporter-output>
        </test-method> <!-- TestAssessment_Config -->
        <test-method status="PASS" signature="beforemethod()[pri:0, instance:Test2@12fc6eb]" name="beforemethod" is-config="true" duration-ms="81" started-at="2018-10-23T05:13:30Z" finished-at="2018-10-23T05:13:30Z">
          <reporter-output>
          </reporter-output>
        </test-method> <!-- beforemethod -->
        <test-method status="PASS" signature="BrowserOpen()[pri:0, instance:Test2@12fc6eb]" name="BrowserOpen" duration-ms="14140" started-at="2018-10-23T05:13:30Z" finished-at="2018-10-23T05:13:44Z">
          <reporter-output>
          </reporter-output>
        </test-method> <!-- BrowserOpen -->
        <test-method status="PASS" signature="aftermethod()[pri:0, instance:Test2@12fc6eb]" name="aftermethod" is-config="true" duration-ms="5" started-at="2018-10-23T05:13:44Z" finished-at="2018-10-23T05:13:44Z">
          <reporter-output>
          </reporter-output>
        </test-method> <!-- aftermethod -->
        <test-method status="PASS" signature="beforemethod()[pri:0, instance:Test2@12fc6eb]" name="beforemethod" is-config="true" duration-ms="1" started-at="2018-10-23T05:13:44Z" finished-at="2018-10-23T05:13:44Z">
          <reporter-output>
          </reporter-output>
        </test-method> <!-- beforemethod -->
        <test-method status="PASS" signature="ValidateUserTabel()[pri:0, instance:Test2@12fc6eb]" name="ValidateUserTabel" duration-ms="1736" started-at="2018-10-23T05:13:44Z" finished-at="2018-10-23T05:13:46Z">
          <reporter-output>
          </reporter-output>
        </test-method> <!-- ValidateUserTabel -->
        <test-method status="PASS" signature="aftermethod()[pri:0, instance:Test2@12fc6eb]" name="aftermethod" is-config="true" duration-ms="0" started-at="2018-10-23T05:13:46Z" finished-at="2018-10-23T05:13:46Z">
          <reporter-output>
          </reporter-output>
        </test-method> <!-- aftermethod -->
        <test-method status="PASS" signature="setAddUser()[pri:0, instance:Test2@12fc6eb]" name="setAddUser" duration-ms="11745" started-at="2018-10-23T05:13:46Z" finished-at="2018-10-23T05:13:58Z">
          <reporter-output>
          </reporter-output>
        </test-method> <!-- setAddUser -->
        <test-method status="PASS" signature="beforemethod()[pri:0, instance:Test2@12fc6eb]" name="beforemethod" is-config="true" duration-ms="0" started-at="2018-10-23T05:13:46Z" finished-at="2018-10-23T05:13:46Z">
          <reporter-output>
          </reporter-output>
        </test-method> <!-- beforemethod -->
        <test-method status="PASS" signature="aftermethod()[pri:0, instance:Test2@12fc6eb]" name="aftermethod" is-config="true" duration-ms="1" started-at="2018-10-23T05:13:58Z" finished-at="2018-10-23T05:13:58Z">
          <reporter-output>
          </reporter-output>
        </test-method> <!-- aftermethod -->
        <test-method status="PASS" signature="TestAssessment_close()[pri:0, instance:Test2@12fc6eb]" name="TestAssessment_close" is-config="true" duration-ms="3155" started-at="2018-10-23T05:13:58Z" finished-at="2018-10-23T05:14:01Z">
          <reporter-output>
          </reporter-output>
        </test-method> <!-- TestAssessment_close -->
        <test-method status="PASS" signature="afterSuite()[pri:0, instance:Test2@12fc6eb]" name="afterSuite" is-config="true" duration-ms="1408" started-at="2018-10-23T05:14:01Z" finished-at="2018-10-23T05:14:03Z">
          <reporter-output>
          </reporter-output>
        </test-method> <!-- afterSuite -->
      </class> <!-- Test2 -->
    </test> <!-- Default test -->
  </suite> <!-- Default suite -->
</testng-results>
